<?xml version="1.0" encoding="UTF-8"?>
<testsuite xmlns:xsi="http://www.w3.org/2001/XMLSchema-instance" xsi:noNamespaceSchemaLocation="https://maven.apache.org/surefire/maven-surefire-plugin/xsd/surefire-test-report-3.0.xsd" version="3.0" name="TestSuite" time="44.342" tests="1" errors="0" skipped="0" failures="0">
  <properties>
[...]
</properties>
  <testcase name="makeBookingTest[{RoomType=Special Offer - Deluxe Room with City View - Egyptians and Residents Only, CheckInDate=2025-10-01, NumberOfRooms=2, HotelName=Tolip Hotel Alexandria, Location=Alexandria, CheckOutDate=2025-10-14}](1)" classname="com.booking.automation.tests.BookingTest" time="34.367">
    <system-out><![CDATA[✅ Booking Page is Opened.
2025-05-26T16:51:02.488676800Z main ERROR Log4j API could not find a logging provider.
Skipping row 3 as it is empty

--- Starting Test Case for: Tolip Hotel Alexandria ---
Test Data: Location=Alexandria, CheckIn=2025-10-01, CheckOut=2025-10-14, Hotel=Tolip Hotel Alexandria, RoomType=Special Offer - Deluxe Room with City View - Egyptians and Residents Only, Rooms=2
HomePage: Starting enterLocation for: Alexandria
HomePage: Cleared location input field.
HomePage: Entered location: Alexandria
✅ Alexandria selected from suggestions.
HomePage: Finished enterLocation for: Alexandria
📅 Attempting to select check-in/out dates: 2025-10-01 to 2025-10-14
✅ Main calendar container is now visible by data-testid.
✅ Calendar month/year header is visible.
⏩ Current month: May 2025. Clicking next to find October 2025
⏩ Current month: June 2025. Clicking next to find October 2025
⏩ Current month: July 2025. Clicking next to find October 2025
⏩ Current month: August 2025. Clicking next to find October 2025
⏩ Current month: September 2025. Clicking next to find October 2025
✅ Selected date: 2025-10-01
✅ Selected date: 2025-10-14
✅ Dates selected successfully.
🔍 Attempting to click Search button.
✅ Search button clicked.
SearchResultsPage: Attempting to select hotel: 'Tolip Hotel Alexandria'
✅ Hotel title 'Tolip Hotel Alexandria' found. Scrolling to its 'See availability' button.
✅ 'See availability' button clicked for 'Tolip Hotel Alexandria'.
✅ Switched to new window for hotel details.
HotelDetailsPage: Verifying check-in/out dates.
Expected Check-in: Wed 1 Oct, Actual: Wed 1 Oct
Expected Check-out: Tue 14 Oct, Actual: Tue 14 Oct
✅ Dates verified successfully on Hotel Details Page.
HotelDetailsPage: Attempting to select room: 'Special Offer - Deluxe Room with City View - Egyptians and Residents Only' with quantity: 2
✅ Found room row for: Special Offer - Deluxe Room with City View - Egyptians and Residents Only
HotelDetailsPage: Selecting quantity 2 for room: Special Offer - Deluxe Room with City View - Egyptians and Residents Only
✅ Quantity 2 selected for room: 'Special Offer - Deluxe Room with City View - Egyptians and Residents Only'.
✅ Reserve button is ready after quantity selection.
✅ Room row found for: Special Offer - Deluxe Room with City View - Egyptians and Residents Only
No popup found, continuing.
✅ Reserve button is ready.
✅ 'I'll reserve' button clicked successfully for room: Special Offer - Deluxe Room with City View - Egyptians and Residents Only
PaymentPage: Attempting to get hotel name.
✅ Hotel name on Payment Page: Tolip Hotel Alexandria
]]></system-out>
    <system-err><![CDATA[SLF4J(W): No SLF4J providers were found.
SLF4J(W): Defaulting to no-operation (NOP) logger implementation
SLF4J(W): See https://www.slf4j.org/codes.html#noProviders for further details.
]]></system-err>
  </testcase>
</testsuite>