<?xml version="1.0" encoding="UTF-8"?>
<testng-results ignored="0" total="1" passed="1" failed="0" skipped="0">
  <reporter-output>
  </reporter-output>
  <suite started-at="2025-05-26T19:50:55 EEST" name="Booking Test Suite" finished-at="2025-05-26T19:51:39 EEST" duration-ms="43933">
    <groups>
    </groups>
    <test started-at="2025-05-26T19:50:55 EEST" name="Booking Tests" finished-at="2025-05-26T19:51:39 EEST" duration-ms="43933">
      <class name="com.booking.automation.tests.BookingTest">
        <test-method is-config="true" signature="setup()[pri:0, instance:com.booking.automation.tests.BookingTest@399f45b1]" started-at="2025-05-26T19:50:55 EEST" name="setup" finished-at="2025-05-26T19:51:02 EEST" duration-ms="7271" status="PASS">
          <reporter-output>
          </reporter-output>
        </test-method> <!-- setup -->
        <test-method signature="makeBookingTest(java.util.Map)[pri:0, instance:com.booking.automation.tests.BookingTest@399f45b1]" started-at="2025-05-26T19:51:03 EEST" name="makeBookingTest" data-provider="bookingData" finished-at="2025-05-26T19:51:37 EEST" duration-ms="34366" status="PASS">
          <params>
            <param index="0">
              <value>
                <![CDATA[{RoomType=Special Offer - Deluxe Room with City View - Egyptians and Residents Only, CheckInDate=2025-10-01, NumberOfRooms=2, HotelName=Tolip Hotel Alexandria, Location=Alexandria, CheckOutDate=2025-10-14}]]>
              </value>
            </param>
          </params>
          <reporter-output>
          </reporter-output>
        </test-method> <!-- makeBookingTest -->
        <test-method is-config="true" signature="tearDown()[pri:0, instance:com.booking.automation.tests.BookingTest@399f45b1]" started-at="2025-05-26T19:51:37 EEST" name="tearDown" finished-at="2025-05-26T19:51:39 EEST" duration-ms="1320" status="PASS">
          <reporter-output>
          </reporter-output>
        </test-method> <!-- tearDown -->
      </class> <!-- com.booking.automation.tests.BookingTest -->
    </test> <!-- Booking Tests -->
  </suite> <!-- Booking Test Suite -->
</testng-results>
